Determining if the pthread_create exist failed with the following output:
Change Dir: /home/lrt/RM/src/Team/HERORM2020-Sentinel/chassis/build/CMakeFiles/CMakeTmp

Run Build Command:"/usr/bin/make" "cmTC_71412/fast"
/usr/bin/make -f CMakeFiles/cmTC_71412.dir/build.make CMakeFiles/cmTC_71412.dir/build
make[1]: 进入目录“/home/lrt/RM/src/Team/HERORM2020-Sentinel/chassis/build/CMakeFiles/CMakeTmp”
Building C object CMakeFiles/cmTC_71412.dir/CheckSymbolExists.c.o
/usr/bin/cc   -fPIC    -o CMakeFiles/cmTC_71412.dir/CheckSymbolExists.c.o   -c /home/lrt/RM/src/Team/HERORM2020-Sentinel/chassis/build/CMakeFiles/CMakeTmp/CheckSymbolExists.c
Linking C executable cmTC_71412
/usr/bin/cmake -E cmake_link_script CMakeFiles/cmTC_71412.dir/link.txt --verbose=1
/usr/bin/cc -fPIC     CMakeFiles/cmTC_71412.dir/CheckSymbolExists.c.o  -o cmTC_71412 
CMakeFiles/cmTC_71412.dir/CheckSymbolExists.c.o：在函数‘main’中：
CheckSymbolExists.c:(.text+0x1b)：对‘pthread_create’未定义的引用
collect2: error: ld returned 1 exit status
CMakeFiles/cmTC_71412.dir/build.make:97: recipe for target 'cmTC_71412' failed
make[1]: *** [cmTC_71412] Error 1
make[1]: 离开目录“/home/lrt/RM/src/Team/HERORM2020-Sentinel/chassis/build/CMakeFiles/CMakeTmp”
Makefile:126: recipe for target 'cmTC_71412/fast' failed
make: *** [cmTC_71412/fast] Error 2

File /home/lrt/RM/src/Team/HERORM2020-Sentinel/chassis/build/CMakeFiles/CMakeTmp/CheckSymbolExists.c:
/* */
#include <pthread.h>

int main(int argc, char** argv)
{
  (void)argv;
#ifndef pthread_create
  return ((int*)(&pthread_create))[argc];
#else
  (void)argc;
  return 0;
#endif
}

Determining if the function pthread_create exists in the pthreads failed with the following output:
Change Dir: /home/lrt/RM/src/Team/HERORM2020-Sentinel/chassis/build/CMakeFiles/CMakeTmp

Run Build Command:"/usr/bin/make" "cmTC_31858/fast"
/usr/bin/make -f CMakeFiles/cmTC_31858.dir/build.make CMakeFiles/cmTC_31858.dir/build
make[1]: 进入目录“/home/lrt/RM/src/Team/HERORM2020-Sentinel/chassis/build/CMakeFiles/CMakeTmp”
Building C object CMakeFiles/cmTC_31858.dir/CheckFunctionExists.c.o
/usr/bin/cc   -fPIC -DCHECK_FUNCTION_EXISTS=pthread_create   -o CMakeFiles/cmTC_31858.dir/CheckFunctionExists.c.o   -c /usr/share/cmake-3.10/Modules/CheckFunctionExists.c
Linking C executable cmTC_31858
/usr/bin/cmake -E cmake_link_script CMakeFiles/cmTC_31858.dir/link.txt --verbose=1
/usr/bin/cc -fPIC -DCHECK_FUNCTION_EXISTS=pthread_create    CMakeFiles/cmTC_31858.dir/CheckFunctionExists.c.o  -o cmTC_31858 -lpthreads 
/usr/bin/ld: 找不到 -lpthreads
collect2: error: ld returned 1 exit status
CMakeFiles/cmTC_31858.dir/build.make:97: recipe for target 'cmTC_31858' failed
make[1]: *** [cmTC_31858] Error 1
make[1]: 离开目录“/home/lrt/RM/src/Team/HERORM2020-Sentinel/chassis/build/CMakeFiles/CMakeTmp”
Makefile:126: recipe for target 'cmTC_31858/fast' failed
make: *** [cmTC_31858/fast] Error 2


